[ INFO]: Loaded Extension: VK-AntiCheatVK-AntiCheat
[ INFO]: Loaded Extension: VK-EssentialsVK-Essentials
[ INFO]: Loaded Extension: VK-RoleplayVK-Roleplay
[ INFO]: Registered Callback { OnPlayerDisconnected } : Extension { VK-Roleplay }
[ INFO]: Registered Callback { OnChat } : Extension { VK-Roleplay }
[ INFO]: Registered Callback { OnPlayerConnected } : Extension { VK-Roleplay }
[ INFO]: Registered Callback { OnPlayerDisconnected } : Extension { VK-AntiCheat }
[ INFO]: Registered Callback { OnChat } : Extension { VK-AntiCheat }
[ INFO]: Registered Callback { OnPlayerConnected } : Extension { VK-AntiCheat }
[ INFO]: Registered Callback { OnPlayerDisconnected } : Extension { VK-Essentials }
[ INFO]: Registered Callback { OnChat } : Extension { VK-Essentials }
[ INFO]: Registered Callback { OnPlayerConnected } : Extension { VK-Essentials }
[ INFO]: Reloading Modules
[ INFO]: Loaded Extension: VK-AntiCheatVK-AntiCheat
[ INFO]: Loaded Extension: VK-EssentialsVK-Essentials
[ INFO]: Loaded Extension: VK-RoleplayVK-Roleplay
[ INFO]: Registered Callback { OnPlayerDisconnected } : Extension { VK-Roleplay }
[ INFO]: Registered Callback { OnChat } : Extension { VK-Roleplay }
[ INFO]: Registered Callback { OnPlayerConnected } : Extension { VK-Roleplay }
[ INFO]: Registered Callback { OnPlayerDisconnected } : Extension { VK-AntiCheat }
[ INFO]: Registered Callback { OnChat } : Extension { VK-AntiCheat }
[ INFO]: Registered Callback { OnPlayerConnected } : Extension { VK-AntiCheat }
[ INFO]: Registered Callback { OnPlayerDisconnected } : Extension { VK-Essentials }
[ INFO]: Registered Callback { OnChat } : Extension { VK-Essentials }
[ INFO]: Registered Callback { OnPlayerConnected } : Extension { VK-Essentials }
[ DEBUG]: VK-Roleplay : OnChat
[ DEBUG]: VK-AntiCheat : OnChat
[ DEBUG]: VK-Essentials : OnChat
